# JRE version: OpenJDK Runtime Environment (8.0_112-b06) (build 1.8.0_112-release-b06)
# Java VM: OpenJDK 64-Bit Server VM (25.112-b06 mixed mode windows-amd64 compressed oops)
Heap:
 PSYoungGen      total 131072K, used 54107K [0x00000000e0000000, 0x00000000e9700000, 0x0000000100000000)
  eden space 113664K, 39% used [0x00000000e0000000,0x00000000e2b58588,0x00000000e6f00000)
  from space 17408K, 55% used [0x00000000e8600000,0x00000000e8f7e848,0x00000000e9700000)
  to   space 20480K, 0% used [0x00000000e6f00000,0x00000000e6f00000,0x00000000e8300000)
 ParOldGen       total 145920K, used 33971K [0x00000000a0000000, 0x00000000a8e80000, 0x00000000e0000000)
  object space 145920K, 23% used [0x00000000a0000000,0x00000000a212cd28,0x00000000a8e80000)
 Metaspace       used 63711K, capacity 65550K, committed 65920K, reserved 1105920K
  class space    used 8339K, capacity 8726K, committed 8832K, reserved 1048576K
GC Heap History (10 events):
Event: 38.752 GC heap before
{Heap before GC invocations=15 (full 2):
 PSYoungGen      total 81920K, used 81905K [0x00000000e0000000, 0x00000000e6080000, 0x0000000100000000)
  eden space 70656K, 100% used [0x00000000e0000000,0x00000000e4500000,0x00000000e4500000)
  from space 11264K, 99% used [0x00000000e5200000,0x00000000e5cfc548,0x00000000e5d00000)
  to   space 13312K, 0% used [0x00000000e4500000,0x00000000e4500000,0x00000000e5200000)
 ParOldGen       total 114688K, used 18402K [0x00000000a0000000, 0x00000000a7000000, 0x00000000e0000000)
  object space 114688K, 16% used [0x00000000a0000000,0x00000000a11f8840,0x00000000a7000000)
 Metaspace       used 50493K, capacity 52114K, committed 52352K, reserved 1093632K
  class space    used 6847K, capacity 7198K, committed 7296K, reserved 1048576K
Event: 38.765 GC heap after
Heap after GC invocations=15 (full 2):
 PSYoungGen      total 83968K, used 13300K [0x00000000e0000000, 0x00000000e7000000, 0x0000000100000000)
  eden space 70656K, 0% used [0x00000000e0000000,0x00000000e0000000,0x00000000e4500000)
  from space 13312K, 99% used [0x00000000e4500000,0x00000000e51fd368,0x00000000e5200000)
  to   space 16384K, 0% used [0x00000000e6000000,0x00000000e6000000,0x00000000e7000000)
 ParOldGen       total 114688K, used 22622K [0x00000000a0000000, 0x00000000a7000000, 0x00000000e0000000)
  object space 114688K, 19% used [0x00000000a0000000,0x00000000a16179d0,0x00000000a7000000)
 Metaspace       used 50493K, capacity 52114K, committed 52352K, reserved 1093632K
  class space    used 6847K, capacity 7198K, committed 7296K, reserved 1048576K
}
Event: 46.933 GC heap before
{Heap before GC invocations=16 (full 2):
 PSYoungGen      total 83968K, used 83956K [0x00000000e0000000, 0x00000000e7000000, 0x0000000100000000)
  eden space 70656K, 100% used [0x00000000e0000000,0x00000000e4500000,0x00000000e4500000)
  from space 13312K, 99% used [0x00000000e4500000,0x00000000e51fd368,0x00000000e5200000)
  to   space 16384K, 0% used [0x00000000e6000000,0x00000000e6000000,0x00000000e7000000)
 ParOldGen       total 114688K, used 22622K [0x00000000a0000000, 0x00000000a7000000, 0x00000000e0000000)
  object space 114688K, 19% used [0x00000000a0000000,0x00000000a16179d0,0x00000000a7000000)
 Metaspace       used 56911K, capacity 58552K, committed 58752K, reserved 1099776K
  class space    used 7626K, capacity 7981K, committed 8064K, reserved 1048576K
Event: 46.954 GC heap after
Heap after GC invocations=16 (full 2):
 PSYoungGen      total 95232K, used 16369K [0x00000000e0000000, 0x00000000e7580000, 0x0000000100000000)
  eden space 78848K, 0% used [0x00000000e0000000,0x00000000e0000000,0x00000000e4d00000)
  from space 16384K, 99% used [0x00000000e6000000,0x00000000e6ffc400,0x00000000e7000000)
  to   space 19456K, 0% used [0x00000000e4d00000,0x00000000e4d00000,0x00000000e6000000)
 ParOldGen       total 114688K, used 25451K [0x00000000a0000000, 0x00000000a7000000, 0x00000000e0000000)
  object space 114688K, 22% used [0x00000000a0000000,0x00000000a18daea8,0x00000000a7000000)
 Metaspace       used 56911K, capacity 58552K, committed 58752K, reserved 1099776K
  class space    used 7626K, capacity 7981K, committed 8064K, reserved 1048576K
}
Event: 47.103 GC heap before
{Heap before GC invocations=17 (full 2):
 PSYoungGen      total 95232K, used 21755K [0x00000000e0000000, 0x00000000e7580000, 0x0000000100000000)
  eden space 78848K, 6% used [0x00000000e0000000,0x00000000e0542a20,0x00000000e4d00000)
  from space 16384K, 99% used [0x00000000e6000000,0x00000000e6ffc400,0x00000000e7000000)
  to   space 19456K, 0% used [0x00000000e4d00000,0x00000000e4d00000,0x00000000e6000000)
 ParOldGen       total 114688K, used 25451K [0x00000000a0000000, 0x00000000a7000000, 0x00000000e0000000)
  object space 114688K, 22% used [0x00000000a0000000,0x00000000a18daea8,0x00000000a7000000)
 Metaspace       used 57304K, capacity 58982K, committed 59136K, reserved 1099776K
  class space    used 7680K, capacity 8080K, committed 8192K, reserved 1048576K
Event: 47.129 GC heap after
Heap after GC invocations=17 (full 2):
 PSYoungGen      total 98304K, used 16850K [0x00000000e0000000, 0x00000000e9b00000, 0x0000000100000000)
  eden space 78848K, 0% used [0x00000000e0000000,0x00000000e0000000,0x00000000e4d00000)
  from space 19456K, 86% used [0x00000000e4d00000,0x00000000e5d74960,0x00000000e6000000)
  to   space 21504K, 0% used [0x00000000e8600000,0x00000000e8600000,0x00000000e9b00000)
 ParOldGen       total 114688K, used 25451K [0x00000000a0000000, 0x00000000a7000000, 0x00000000e0000000)
  object space 114688K, 22% used [0x00000000a0000000,0x00000000a18daea8,0x00000000a7000000)
 Metaspace       used 57304K, capacity 58982K, committed 59136K, reserved 1099776K
  class space    used 7680K, capacity 8080K, committed 8192K, reserved 1048576K
}
Event: 47.129 GC heap before
{Heap before GC invocations=18 (full 3):
 PSYoungGen      total 98304K, used 16850K [0x00000000e0000000, 0x00000000e9b00000, 0x0000000100000000)
  eden space 78848K, 0% used [0x00000000e0000000,0x00000000e0000000,0x00000000e4d00000)
  from space 19456K, 86% used [0x00000000e4d00000,0x00000000e5d74960,0x00000000e6000000)
  to   space 21504K, 0% used [0x00000000e8600000,0x00000000e8600000,0x00000000e9b00000)
 ParOldGen       total 114688K, used 25451K [0x00000000a0000000, 0x00000000a7000000, 0x00000000e0000000)
  object space 114688K, 22% used [0x00000000a0000000,0x00000000a18daea8,0x00000000a7000000)
 Metaspace       used 57304K, capacity 58982K, committed 59136K, reserved 1099776K
  class space    used 7680K, capacity 8080K, committed 8192K, reserved 1048576K
Event: 47.427 GC heap after
Heap after GC invocations=18 (full 3):
 PSYoungGen      total 98304K, used 0K [0x00000000e0000000, 0x00000000e9b00000, 0x0000000100000000)
  eden space 78848K, 0% used [0x00000000e0000000,0x00000000e0000000,0x00000000e4d00000)
  from space 19456K, 0% used [0x00000000e4d00000,0x00000000e4d00000,0x00000000e6000000)
  to   space 21504K, 0% used [0x00000000e8600000,0x00000000e8600000,0x00000000e9b00000)
 ParOldGen       total 145920K, used 33955K [0x00000000a0000000, 0x00000000a8e80000, 0x00000000e0000000)
  object space 145920K, 23% used [0x00000000a0000000,0x00000000a2128d28,0x00000000a8e80000)
 Metaspace       used 57298K, capacity 58974K, committed 59136K, reserved 1099776K
  class space    used 7677K, capacity 8076K, committed 8192K, reserved 1048576K
}
Event: 50.471 GC heap before
{Heap before GC invocations=19 (full 3):
 PSYoungGen      total 98304K, used 78411K [0x00000000e0000000, 0x00000000e9b00000, 0x0000000100000000)
  eden space 78848K, 99% used [0x00000000e0000000,0x00000000e4c92ca8,0x00000000e4d00000)
  from space 19456K, 0% used [0x00000000e4d00000,0x00000000e4d00000,0x00000000e6000000)
  to   space 21504K, 0% used [0x00000000e8600000,0x00000000e8600000,0x00000000e9b00000)
 ParOldGen       total 145920K, used 33955K [0x00000000a0000000, 0x00000000a8e80000, 0x00000000e0000000)
  object space 145920K, 23% used [0x00000000a0000000,0x00000000a2128d28,0x00000000a8e80000)
 Metaspace       used 61638K, capacity 63474K, committed 63744K, reserved 1103872K
  class space    used 8176K, capacity 8576K, committed 8704K, reserved 1048576K
Event: 50.484 GC heap after
Heap after GC invocations=19 (full 3):
 PSYoungGen      total 131072K, used 9722K [0x00000000e0000000, 0x00000000e9700000, 0x0000000100000000)
  eden space 113664K, 0% used [0x00000000e0000000,0x00000000e0000000,0x00000000e6f00000)
  from space 17408K, 55% used [0x00000000e8600000,0x00000000e8f7e848,0x00000000e9700000)
  to   space 20480K, 0% used [0x00000000e6f00000,0x00000000e6f00000,0x00000000e8300000)
 ParOldGen       total 145920K, used 33971K [0x00000000a0000000, 0x00000000a8e80000, 0x00000000e0000000)
  object space 145920K, 23% used [0x00000000a0000000,0x00000000a212cd28,0x00000000a8e80000)
 Metaspace       used 61638K, capacity 63474K, committed 63744K, reserved 1103872K
  class space    used 8176K, capacity 8576K, committed 8704K, reserved 1048576K
}

